[1/1] Loading Miniforge...
Defaulting to user installation because normal site-packages is not writeable
Requirement already satisfied: rasterio in /home/thq3hn/.local/lib/python3.11/site-packages (1.4.4)
Requirement already satisfied: proj in /home/thq3hn/.local/lib/python3.11/site-packages (0.2.0)
Requirement already satisfied: tqdm in /home/thq3hn/.local/lib/python3.11/site-packages (4.67.3)
Requirement already satisfied: affine in /home/thq3hn/.local/lib/python3.11/site-packages (from rasterio) (2.4.0)
Requirement already satisfied: attrs in /home/thq3hn/.local/lib/python3.11/site-packages (from rasterio) (26.1.0)
Requirement already satisfied: certifi in /apps/software/standard/mpi/gcc/11.4.0/openmpi/4.1.4/python/3.11.4/lib/python3.11/site-packages (from rasterio) (2022.9.24)
Requirement already satisfied: click!=8.2.*,>=4.0 in /home/thq3hn/.local/lib/python3.11/site-packages (from rasterio) (8.4.1)
Requirement already satisfied: cligj>=0.5 in /home/thq3hn/.local/lib/python3.11/site-packages (from rasterio) (0.7.2)
Requirement already satisfied: numpy>=1.24 in /home/thq3hn/.local/lib/python3.11/site-packages (from rasterio) (2.4.6)
Requirement already satisfied: click-plugins in /home/thq3hn/.local/lib/python3.11/site-packages (from rasterio) (1.1.1.2)
Requirement already satisfied: pyparsing in /apps/software/standard/mpi/gcc/11.4.0/openmpi/4.1.4/python/3.11.4/lib/python3.11/site-packages (from rasterio) (3.0.9)
Requirement already satisfied: arrow>=0.15.6 in /home/thq3hn/.local/lib/python3.11/site-packages (from proj) (1.4.0)
Requirement already satisfied: python-dateutil>=2.7.0 in /apps/software/standard/mpi/gcc/11.4.0/openmpi/4.1.4/python/3.11.4/lib/python3.11/site-packages (from arrow>=0.15.6->proj) (2.8.2)
Requirement already satisfied: tzdata in /home/thq3hn/.local/lib/python3.11/site-packages (from arrow>=0.15.6->proj) (2026.2)
Requirement already satisfied: six>=1.5 in /apps/software/standard/mpi/gcc/11.4.0/openmpi/4.1.4/python/3.11.4/lib/python3.11/site-packages (from python-dateutil>=2.7.0->arrow>=0.15.6->proj) (1.16.0)
Defaulting to user installation because normal site-packages is not writeable
Requirement already satisfied: awscli in /home/thq3hn/.local/lib/python3.11/site-packages (1.45.22)
Requirement already satisfied: boto3 in /home/thq3hn/.local/lib/python3.11/site-packages (1.43.22)
Collecting botocore==1.43.22 (from awscli)
  Using cached botocore-1.43.22-py3-none-any.whl.metadata (5.6 kB)
Requirement already satisfied: docutils<=0.19,>=0.18.1 in /home/thq3hn/.local/lib/python3.11/site-packages (from awscli) (0.19)
Requirement already satisfied: s3transfer<0.19.0,>=0.18.0 in /home/thq3hn/.local/lib/python3.11/site-packages (from awscli) (0.18.0)
Requirement already satisfied: PyYAML<6.1,>=3.10 in /home/thq3hn/.local/lib/python3.11/site-packages (from awscli) (6.0.3)
Requirement already satisfied: colorama<0.4.7,>=0.2.5 in /home/thq3hn/.local/lib/python3.11/site-packages (from awscli) (0.4.6)
Requirement already satisfied: rsa<4.8,>=3.1.2 in /home/thq3hn/.local/lib/python3.11/site-packages (from awscli) (4.7.2)
Requirement already satisfied: jmespath<2.0.0,>=0.7.1 in /home/thq3hn/.local/lib/python3.11/site-packages (from botocore==1.43.22->awscli) (1.1.0)
Requirement already satisfied: python-dateutil<3.0.0,>=2.1 in /apps/software/standard/mpi/gcc/11.4.0/openmpi/4.1.4/python/3.11.4/lib/python3.11/site-packages (from botocore==1.43.22->awscli) (2.8.2)
Requirement already satisfied: urllib3!=2.2.0,<3,>=1.25.4 in /apps/software/standard/mpi/gcc/11.4.0/openmpi/4.1.4/python/3.11.4/lib/python3.11/site-packages (from botocore==1.43.22->awscli) (1.26.12)
Requirement already satisfied: six>=1.5 in /apps/software/standard/mpi/gcc/11.4.0/openmpi/4.1.4/python/3.11.4/lib/python3.11/site-packages (from python-dateutil<3.0.0,>=2.1->botocore==1.43.22->awscli) (1.16.0)
Requirement already satisfied: pyasn1>=0.1.3 in /apps/software/standard/mpi/gcc/11.4.0/openmpi/4.1.4/python/3.11.4/lib/python3.11/site-packages (from rsa<4.8,>=3.1.2->awscli) (0.4.8)
Using cached botocore-1.43.22-py3-none-any.whl (15.1 MB)
Installing collected packages: botocore
  Attempting uninstall: botocore
    Found existing installation: botocore 1.43.0
    Uninstalling botocore-1.43.0:
      Successfully uninstalled botocore-1.43.0
ERROR: pip's dependency resolver does not currently take into account all the packages that are installed. This behaviour is the source of the following dependency conflicts.
aiobotocore 3.7.0 requires botocore<1.43.1,>=1.42.90, but you have botocore 1.43.22 which is incompatible.
Successfully installed botocore-1.43.22
Defaulting to user installation because normal site-packages is not writeable
Requirement already satisfied: earthaccess in /home/thq3hn/.local/lib/python3.11/site-packages (0.17.0)
Requirement already satisfied: h5py in /home/thq3hn/.local/lib/python3.11/site-packages (3.16.0)
Requirement already satisfied: fsspec>=2025.2 in /home/thq3hn/.local/lib/python3.11/site-packages (from earthaccess) (2026.4.0)
Requirement already satisfied: importlib-resources>=6.3.2 in /home/thq3hn/.local/lib/python3.11/site-packages (from earthaccess) (7.1.0)
Requirement already satisfied: multimethod>=1.8 in /home/thq3hn/.local/lib/python3.11/site-packages (from earthaccess) (2.0.2)
Requirement already satisfied: pqdm>=0.1 in /home/thq3hn/.local/lib/python3.11/site-packages (from earthaccess) (0.2.0)
Requirement already satisfied: python-cmr>=0.10.0 in /home/thq3hn/.local/lib/python3.11/site-packages (from earthaccess) (0.13.0)
Requirement already satisfied: requests>=2.26 in /apps/software/standard/mpi/gcc/11.4.0/openmpi/4.1.4/python/3.11.4/lib/python3.11/site-packages (from earthaccess) (2.28.1)
Requirement already satisfied: s3fs>=2025.2 in /home/thq3hn/.local/lib/python3.11/site-packages (from earthaccess) (2026.4.0)
Requirement already satisfied: tenacity>=8.0 in /home/thq3hn/.local/lib/python3.11/site-packages (from earthaccess) (9.1.4)
Requirement already satisfied: tinynetrc>=1.3.1 in /home/thq3hn/.local/lib/python3.11/site-packages (from earthaccess) (1.3.1)
Requirement already satisfied: typing-extensions>=4.10.0 in /home/thq3hn/.local/lib/python3.11/site-packages (from earthaccess) (4.15.0)
Requirement already satisfied: numpy>=1.21.2 in /home/thq3hn/.local/lib/python3.11/site-packages (from h5py) (2.4.6)
Requirement already satisfied: bounded-pool-executor in /home/thq3hn/.local/lib/python3.11/site-packages (from pqdm>=0.1->earthaccess) (0.0.3)
Requirement already satisfied: tqdm in /home/thq3hn/.local/lib/python3.11/site-packages (from pqdm>=0.1->earthaccess) (4.67.3)
Requirement already satisfied: python-dateutil<3.0.0,>=2.8.2 in /apps/software/standard/mpi/gcc/11.4.0/openmpi/4.1.4/python/3.11.4/lib/python3.11/site-packages (from python-cmr>=0.10.0->earthaccess) (2.8.2)
Requirement already satisfied: six>=1.5 in /apps/software/standard/mpi/gcc/11.4.0/openmpi/4.1.4/python/3.11.4/lib/python3.11/site-packages (from python-dateutil<3.0.0,>=2.8.2->python-cmr>=0.10.0->earthaccess) (1.16.0)
Requirement already satisfied: charset-normalizer<3,>=2 in /apps/software/standard/mpi/gcc/11.4.0/openmpi/4.1.4/python/3.11.4/lib/python3.11/site-packages (from requests>=2.26->earthaccess) (2.1.1)
Requirement already satisfied: idna<4,>=2.5 in /apps/software/standard/mpi/gcc/11.4.0/openmpi/4.1.4/python/3.11.4/lib/python3.11/site-packages (from requests>=2.26->earthaccess) (3.4)
Requirement already satisfied: urllib3<1.27,>=1.21.1 in /apps/software/standard/mpi/gcc/11.4.0/openmpi/4.1.4/python/3.11.4/lib/python3.11/site-packages (from requests>=2.26->earthaccess) (1.26.12)
Requirement already satisfied: certifi>=2017.4.17 in /apps/software/standard/mpi/gcc/11.4.0/openmpi/4.1.4/python/3.11.4/lib/python3.11/site-packages (from requests>=2.26->earthaccess) (2022.9.24)
Requirement already satisfied: aiobotocore<4.0.0,>=2.19.0 in /home/thq3hn/.local/lib/python3.11/site-packages (from s3fs>=2025.2->earthaccess) (3.7.0)
Requirement already satisfied: aiohttp!=4.0.0a0,!=4.0.0a1,>=3.9.0 in /home/thq3hn/.local/lib/python3.11/site-packages (from s3fs>=2025.2->earthaccess) (3.14.1)
Requirement already satisfied: aioitertools<1.0.0,>=0.5.1 in /home/thq3hn/.local/lib/python3.11/site-packages (from aiobotocore<4.0.0,>=2.19.0->s3fs>=2025.2->earthaccess) (0.13.0)
Collecting botocore<1.43.1,>=1.42.90 (from aiobotocore<4.0.0,>=2.19.0->s3fs>=2025.2->earthaccess)
  Using cached botocore-1.43.0-py3-none-any.whl.metadata (5.5 kB)
Requirement already satisfied: jmespath<2.0.0,>=0.7.1 in /home/thq3hn/.local/lib/python3.11/site-packages (from aiobotocore<4.0.0,>=2.19.0->s3fs>=2025.2->earthaccess) (1.1.0)
Requirement already satisfied: multidict<7.0.0,>=6.0.0 in /home/thq3hn/.local/lib/python3.11/site-packages (from aiobotocore<4.0.0,>=2.19.0->s3fs>=2025.2->earthaccess) (6.7.1)
Requirement already satisfied: wrapt<3.0.0,>=1.10.10 in /home/thq3hn/.local/lib/python3.11/site-packages (from aiobotocore<4.0.0,>=2.19.0->s3fs>=2025.2->earthaccess) (2.2.1)
Requirement already satisfied: aiohappyeyeballs>=2.5.0 in /home/thq3hn/.local/lib/python3.11/site-packages (from aiohttp!=4.0.0a0,!=4.0.0a1,>=3.9.0->s3fs>=2025.2->earthaccess) (2.6.2)
Requirement already satisfied: aiosignal>=1.4.0 in /home/thq3hn/.local/lib/python3.11/site-packages (from aiohttp!=4.0.0a0,!=4.0.0a1,>=3.9.0->s3fs>=2025.2->earthaccess) (1.4.0)
Requirement already satisfied: attrs>=17.3.0 in /home/thq3hn/.local/lib/python3.11/site-packages (from aiohttp!=4.0.0a0,!=4.0.0a1,>=3.9.0->s3fs>=2025.2->earthaccess) (26.1.0)
Requirement already satisfied: frozenlist>=1.1.1 in /home/thq3hn/.local/lib/python3.11/site-packages (from aiohttp!=4.0.0a0,!=4.0.0a1,>=3.9.0->s3fs>=2025.2->earthaccess) (1.8.0)
Requirement already satisfied: propcache>=0.2.0 in /home/thq3hn/.local/lib/python3.11/site-packages (from aiohttp!=4.0.0a0,!=4.0.0a1,>=3.9.0->s3fs>=2025.2->earthaccess) (0.5.2)
Requirement already satisfied: yarl<2.0,>=1.17.0 in /home/thq3hn/.local/lib/python3.11/site-packages (from aiohttp!=4.0.0a0,!=4.0.0a1,>=3.9.0->s3fs>=2025.2->earthaccess) (1.24.2)
Using cached botocore-1.43.0-py3-none-any.whl (15.0 MB)
Installing collected packages: botocore
  Attempting uninstall: botocore
    Found existing installation: botocore 1.43.22
    Uninstalling botocore-1.43.22:
      Successfully uninstalled botocore-1.43.22
ERROR: pip's dependency resolver does not currently take into account all the packages that are installed. This behaviour is the source of the following dependency conflicts.
awscli 1.45.22 requires botocore==1.43.22, but you have botocore 1.43.0 which is incompatible.
boto3 1.43.22 requires botocore<1.44.0,>=1.43.22, but you have botocore 1.43.0 which is incompatible.
Successfully installed botocore-1.43.0
Defaulting to user installation because normal site-packages is not writeable
Requirement already satisfied: pandas in /home/thq3hn/.local/lib/python3.11/site-packages (3.0.3)
Requirement already satisfied: s3fs in /home/thq3hn/.local/lib/python3.11/site-packages (2026.4.0)
Requirement already satisfied: h5py in /home/thq3hn/.local/lib/python3.11/site-packages (3.16.0)
Requirement already satisfied: numpy in /home/thq3hn/.local/lib/python3.11/site-packages (2.4.6)
Requirement already satisfied: python-dateutil>=2.8.2 in /apps/software/standard/mpi/gcc/11.4.0/openmpi/4.1.4/python/3.11.4/lib/python3.11/site-packages (from pandas) (2.8.2)
Requirement already satisfied: aiobotocore<4.0.0,>=2.19.0 in /home/thq3hn/.local/lib/python3.11/site-packages (from s3fs) (3.7.0)
Requirement already satisfied: fsspec==2026.4.0 in /home/thq3hn/.local/lib/python3.11/site-packages (from s3fs) (2026.4.0)
Requirement already satisfied: aiohttp!=4.0.0a0,!=4.0.0a1,>=3.9.0 in /home/thq3hn/.local/lib/python3.11/site-packages (from s3fs) (3.14.1)
Requirement already satisfied: aioitertools<1.0.0,>=0.5.1 in /home/thq3hn/.local/lib/python3.11/site-packages (from aiobotocore<4.0.0,>=2.19.0->s3fs) (0.13.0)
Requirement already satisfied: botocore<1.43.1,>=1.42.90 in /home/thq3hn/.local/lib/python3.11/site-packages (from aiobotocore<4.0.0,>=2.19.0->s3fs) (1.43.0)
Requirement already satisfied: jmespath<2.0.0,>=0.7.1 in /home/thq3hn/.local/lib/python3.11/site-packages (from aiobotocore<4.0.0,>=2.19.0->s3fs) (1.1.0)
Requirement already satisfied: multidict<7.0.0,>=6.0.0 in /home/thq3hn/.local/lib/python3.11/site-packages (from aiobotocore<4.0.0,>=2.19.0->s3fs) (6.7.1)
Requirement already satisfied: wrapt<3.0.0,>=1.10.10 in /home/thq3hn/.local/lib/python3.11/site-packages (from aiobotocore<4.0.0,>=2.19.0->s3fs) (2.2.1)
Requirement already satisfied: aiohappyeyeballs>=2.5.0 in /home/thq3hn/.local/lib/python3.11/site-packages (from aiohttp!=4.0.0a0,!=4.0.0a1,>=3.9.0->s3fs) (2.6.2)
Requirement already satisfied: aiosignal>=1.4.0 in /home/thq3hn/.local/lib/python3.11/site-packages (from aiohttp!=4.0.0a0,!=4.0.0a1,>=3.9.0->s3fs) (1.4.0)
Requirement already satisfied: attrs>=17.3.0 in /home/thq3hn/.local/lib/python3.11/site-packages (from aiohttp!=4.0.0a0,!=4.0.0a1,>=3.9.0->s3fs) (26.1.0)
Requirement already satisfied: frozenlist>=1.1.1 in /home/thq3hn/.local/lib/python3.11/site-packages (from aiohttp!=4.0.0a0,!=4.0.0a1,>=3.9.0->s3fs) (1.8.0)
Requirement already satisfied: propcache>=0.2.0 in /home/thq3hn/.local/lib/python3.11/site-packages (from aiohttp!=4.0.0a0,!=4.0.0a1,>=3.9.0->s3fs) (0.5.2)
Requirement already satisfied: typing_extensions>=4.4 in /home/thq3hn/.local/lib/python3.11/site-packages (from aiohttp!=4.0.0a0,!=4.0.0a1,>=3.9.0->s3fs) (4.15.0)
Requirement already satisfied: yarl<2.0,>=1.17.0 in /home/thq3hn/.local/lib/python3.11/site-packages (from aiohttp!=4.0.0a0,!=4.0.0a1,>=3.9.0->s3fs) (1.24.2)
Requirement already satisfied: urllib3!=2.2.0,<3,>=1.25.4 in /apps/software/standard/mpi/gcc/11.4.0/openmpi/4.1.4/python/3.11.4/lib/python3.11/site-packages (from botocore<1.43.1,>=1.42.90->aiobotocore<4.0.0,>=2.19.0->s3fs) (1.26.12)
Requirement already satisfied: six>=1.5 in /apps/software/standard/mpi/gcc/11.4.0/openmpi/4.1.4/python/3.11.4/lib/python3.11/site-packages (from python-dateutil>=2.8.2->pandas) (1.16.0)
Requirement already satisfied: idna>=2.0 in /apps/software/standard/mpi/gcc/11.4.0/openmpi/4.1.4/python/3.11.4/lib/python3.11/site-packages (from yarl<2.0,>=1.17.0->aiohttp!=4.0.0a0,!=4.0.0a1,>=3.9.0->s3fs) (3.4)
Defaulting to user installation because normal site-packages is not writeable
Requirement already satisfied: laspy[laszip] in /home/thq3hn/.local/lib/python3.11/site-packages (2.7.0)
Requirement already satisfied: numpy in /home/thq3hn/.local/lib/python3.11/site-packages (from laspy[laszip]) (2.4.6)
Requirement already satisfied: laszip<0.4.0,>=0.3.0 in /home/thq3hn/.local/lib/python3.11/site-packages (from laspy[laszip]) (0.3.0)
  Python: /apps/software/standard/mpi/gcc/11.4.0/openmpi/4.1.4/python/3.11.4/bin/python
  Version: Python 3.11.4
============================================
SMAP Annual Mean — SLURM Job 14537934
Node:          udc-aw34-23c0
CPUs:          16
Start time:    Mon Jun  8 07:33:06 EDT 2026
Available mem: 222.8 GB
--------------------------------------------
Python:        /apps/software/standard/mpi/gcc/11.4.0/openmpi/4.1.4/python/3.11.4/bin/python
============================================
AWS identity check:
arn:aws:iam::389548781850:user/tree-canopy-pipeline-user

Testing S3 connectivity …
Total Objects: 638
   Total Size: 390.9 GiB

------------------------------------------------------------
  DRY-RUN: listing matching S3 files …
------------------------------------------------------------
python3: can't open file '/sfs/gpfs/tardis/home/thq3hn/development/DS6015-006/~/development/DS6015-006/smap_annual_mean_from_s3.py': [Errno 2] No such file or directory

------------------------------------------------------------
  MAIN RUN: computing annual means …
------------------------------------------------------------
python3: can't open file '/sfs/gpfs/tardis/home/thq3hn/development/DS6015-006/~/development/DS6015-006/smap_annual_mean_from_s3.py': [Errno 2] No such file or directory

real	0m0.040s
user	0m0.010s
sys	0m0.029s

============================================================
  Job completed at : Mon Jun  8 07:33:11 EDT 2026
  Exit code        : 2

  Output files:
  [WARN] No output files found in /scratch/thq3hn/smap_annual_means

  Disk usage:
0	/scratch/thq3hn/smap_annual_means
============================================================
